<?xml version="1.0" encoding="UTF-8" ?>
<testsuite failures="0" time="1.663" errors="0" skipped="0" tests="1" name="sandbox.SpecsTest">
  <properties>
    <property name="java.runtime.name" value="Java(TM) SE Runtime Environment"/>
    <property name="sun.boot.library.path" value="/System/Library/Java/JavaVirtualMachines/1.6.0.jdk/Contents/Libraries"/>
    <property name="java.vm.version" value="20.4-b02-402"/>
    <property name="awt.nativeDoubleBuffering" value="true"/>
    <property name="gopherProxySet" value="false"/>
    <property name="mrj.build" value="11M3527"/>
    <property name="java.vm.vendor" value="Apple Inc."/>
    <property name="java.vendor.url" value="http://www.apple.com/"/>
    <property name="path.separator" value=":"/>
    <property name="java.vm.name" value="Java HotSpot(TM) 64-Bit Server VM"/>
    <property name="file.encoding.pkg" value="sun.io"/>
    <property name="user.country" value="RU"/>
    <property name="sun.java.launcher" value="SUN_STANDARD"/>
    <property name="sun.os.patch.level" value="unknown"/>
    <property name="java.vm.specification.name" value="Java Virtual Machine Specification"/>
    <property name="user.dir" value="/Users/lebespiere/projects/greeter"/>
    <property name="java.runtime.version" value="1.6.0_29-b11-402-11M3527"/>
    <property name="java.awt.graphicsenv" value="apple.awt.CGraphicsEnvironment"/>
    <property name="basedir" value="/Users/lebespiere/projects/greeter"/>
    <property name="java.endorsed.dirs" value="/System/Library/Java/JavaVirtualMachines/1.6.0.jdk/Contents/Home/lib/endorsed"/>
    <property name="os.arch" value="x86_64"/>
    <property name="surefire.real.class.path" value="/Users/lebespiere/projects/greeter/target/surefire/surefirebooter7223289505606159033.jar"/>
    <property name="java.io.tmpdir" value="/var/folders/rd/sqv5nz2s64g7wkw9tkvkv26r0000gn/T/"/>
    <property name="line.separator" value="
"/>
    <property name="java.vm.specification.vendor" value="Sun Microsystems Inc."/>
    <property name="os.name" value="Mac OS X"/>
    <property name="sun.jnu.encoding" value="MacCyrillic"/>
    <property name="java.library.path" value=".:/Library/Java/Extensions:/System/Library/Java/Extensions:/usr/lib/java"/>
    <property name="surefire.test.class.path" value="/Users/lebespiere/projects/greeter/target/test-classes:/Users/lebespiere/projects/greeter/target/classes:/Users/lebespiere/.m2/repository/ru/circumflex/circumflex-core/2.3/circumflex-core-2.3.jar:/Users/lebespiere/.m2/repository/commons-io/commons-io/2.1/commons-io-2.1.jar:/Users/lebespiere/.m2/repository/org/scala-lang/scala-library/2.9.2/scala-library-2.9.2.jar:/Users/lebespiere/.m2/repository/org/scala-lang/scala-compiler/2.9.2/scala-compiler-2.9.2.jar:/Users/lebespiere/.m2/repository/org/slf4j/slf4j-api/1.6.1/slf4j-api-1.6.1.jar:/Users/lebespiere/.m2/repository/ru/circumflex/circumflex-web/2.3/circumflex-web-2.3.jar:/Users/lebespiere/.m2/repository/commons-fileupload/commons-fileupload/1.2.2/commons-fileupload-1.2.2.jar:/Users/lebespiere/.m2/repository/org/eclipse/jetty/jetty-webapp/7.4.2.v20110526/jetty-webapp-7.4.2.v20110526.jar:/Users/lebespiere/.m2/repository/org/eclipse/jetty/jetty-xml/7.4.2.v20110526/jetty-xml-7.4.2.v20110526.jar:/Users/lebespiere/.m2/repository/org/eclipse/jetty/jetty-util/7.4.2.v20110526/jetty-util-7.4.2.v20110526.jar:/Users/lebespiere/.m2/repository/org/eclipse/jetty/jetty-servlet/7.4.2.v20110526/jetty-servlet-7.4.2.v20110526.jar:/Users/lebespiere/.m2/repository/org/eclipse/jetty/jetty-security/7.4.2.v20110526/jetty-security-7.4.2.v20110526.jar:/Users/lebespiere/.m2/repository/org/eclipse/jetty/jetty-server/7.4.2.v20110526/jetty-server-7.4.2.v20110526.jar:/Users/lebespiere/.m2/repository/org/eclipse/jetty/jetty-continuation/7.4.2.v20110526/jetty-continuation-7.4.2.v20110526.jar:/Users/lebespiere/.m2/repository/org/eclipse/jetty/jetty-http/7.4.2.v20110526/jetty-http-7.4.2.v20110526.jar:/Users/lebespiere/.m2/repository/org/eclipse/jetty/jetty-io/7.4.2.v20110526/jetty-io-7.4.2.v20110526.jar:/Users/lebespiere/.m2/repository/org/apache/httpcomponents/httpclient/4.1.1/httpclient-4.1.1.jar:/Users/lebespiere/.m2/repository/org/apache/httpcomponents/httpcore/4.1/httpcore-4.1.jar:/Users/lebespiere/.m2/repository/commons-logging/commons-logging/1.1.1/commons-logging-1.1.1.jar:/Users/lebespiere/.m2/repository/commons-codec/commons-codec/1.4/commons-codec-1.4.jar:/Users/lebespiere/.m2/repository/ru/circumflex/circumflex-ftl/2.3/circumflex-ftl-2.3.jar:/Users/lebespiere/.m2/repository/ru/circumflex/circumflex-markeven/2.3/circumflex-markeven-2.3.jar:/Users/lebespiere/.m2/repository/org/freemarker/freemarker/2.3.18/freemarker-2.3.18.jar:/Users/lebespiere/.m2/repository/commons-beanutils/commons-beanutils/1.8.0/commons-beanutils-1.8.0.jar:/Users/lebespiere/.m2/repository/javax/servlet/servlet-api/2.5/servlet-api-2.5.jar:/Users/lebespiere/.m2/repository/ch/qos/logback/logback-classic/0.9.26/logback-classic-0.9.26.jar:/Users/lebespiere/.m2/repository/ch/qos/logback/logback-core/0.9.26/logback-core-0.9.26.jar:/Users/lebespiere/.m2/repository/junit/junit/4.7/junit-4.7.jar:/Users/lebespiere/.m2/repository/org/scala-tools/testing/specs_2.8.1/1.6.6/specs_2.8.1-1.6.6.jar:"/>
    <property name="java.specification.name" value="Java Platform API Specification"/>
    <property name="java.class.version" value="50.0"/>
    <property name="sun.management.compiler" value="HotSpot 64-Bit Tiered Compilers"/>
    <property name="os.version" value="10.7.2"/>
    <property name="http.nonProxyHosts" value="local|*.local|169.254/16|*.169.254/16"/>
    <property name="user.home" value="/Users/lebespiere"/>
    <property name="user.timezone" value="Europe/Moscow"/>
    <property name="java.awt.printerjob" value="apple.awt.CPrinterJob"/>
    <property name="java.specification.version" value="1.6"/>
    <property name="file.encoding" value="MacCyrillic"/>
    <property name="user.name" value="lebespiere"/>
    <property name="java.class.path" value="/Users/lebespiere/projects/greeter/target/test-classes:/Users/lebespiere/projects/greeter/target/classes:/Users/lebespiere/.m2/repository/ru/circumflex/circumflex-core/2.3/circumflex-core-2.3.jar:/Users/lebespiere/.m2/repository/commons-io/commons-io/2.1/commons-io-2.1.jar:/Users/lebespiere/.m2/repository/org/scala-lang/scala-library/2.9.2/scala-library-2.9.2.jar:/Users/lebespiere/.m2/repository/org/scala-lang/scala-compiler/2.9.2/scala-compiler-2.9.2.jar:/Users/lebespiere/.m2/repository/org/slf4j/slf4j-api/1.6.1/slf4j-api-1.6.1.jar:/Users/lebespiere/.m2/repository/ru/circumflex/circumflex-web/2.3/circumflex-web-2.3.jar:/Users/lebespiere/.m2/repository/commons-fileupload/commons-fileupload/1.2.2/commons-fileupload-1.2.2.jar:/Users/lebespiere/.m2/repository/org/eclipse/jetty/jetty-webapp/7.4.2.v20110526/jetty-webapp-7.4.2.v20110526.jar:/Users/lebespiere/.m2/repository/org/eclipse/jetty/jetty-xml/7.4.2.v20110526/jetty-xml-7.4.2.v20110526.jar:/Users/lebespiere/.m2/repository/org/eclipse/jetty/jetty-util/7.4.2.v20110526/jetty-util-7.4.2.v20110526.jar:/Users/lebespiere/.m2/repository/org/eclipse/jetty/jetty-servlet/7.4.2.v20110526/jetty-servlet-7.4.2.v20110526.jar:/Users/lebespiere/.m2/repository/org/eclipse/jetty/jetty-security/7.4.2.v20110526/jetty-security-7.4.2.v20110526.jar:/Users/lebespiere/.m2/repository/org/eclipse/jetty/jetty-server/7.4.2.v20110526/jetty-server-7.4.2.v20110526.jar:/Users/lebespiere/.m2/repository/org/eclipse/jetty/jetty-continuation/7.4.2.v20110526/jetty-continuation-7.4.2.v20110526.jar:/Users/lebespiere/.m2/repository/org/eclipse/jetty/jetty-http/7.4.2.v20110526/jetty-http-7.4.2.v20110526.jar:/Users/lebespiere/.m2/repository/org/eclipse/jetty/jetty-io/7.4.2.v20110526/jetty-io-7.4.2.v20110526.jar:/Users/lebespiere/.m2/repository/org/apache/httpcomponents/httpclient/4.1.1/httpclient-4.1.1.jar:/Users/lebespiere/.m2/repository/org/apache/httpcomponents/httpcore/4.1/httpcore-4.1.jar:/Users/lebespiere/.m2/repository/commons-logging/commons-logging/1.1.1/commons-logging-1.1.1.jar:/Users/lebespiere/.m2/repository/commons-codec/commons-codec/1.4/commons-codec-1.4.jar:/Users/lebespiere/.m2/repository/ru/circumflex/circumflex-ftl/2.3/circumflex-ftl-2.3.jar:/Users/lebespiere/.m2/repository/ru/circumflex/circumflex-markeven/2.3/circumflex-markeven-2.3.jar:/Users/lebespiere/.m2/repository/org/freemarker/freemarker/2.3.18/freemarker-2.3.18.jar:/Users/lebespiere/.m2/repository/commons-beanutils/commons-beanutils/1.8.0/commons-beanutils-1.8.0.jar:/Users/lebespiere/.m2/repository/javax/servlet/servlet-api/2.5/servlet-api-2.5.jar:/Users/lebespiere/.m2/repository/ch/qos/logback/logback-classic/0.9.26/logback-classic-0.9.26.jar:/Users/lebespiere/.m2/repository/ch/qos/logback/logback-core/0.9.26/logback-core-0.9.26.jar:/Users/lebespiere/.m2/repository/junit/junit/4.7/junit-4.7.jar:/Users/lebespiere/.m2/repository/org/scala-tools/testing/specs_2.8.1/1.6.6/specs_2.8.1-1.6.6.jar:"/>
    <property name="java.vm.specification.version" value="1.0"/>
    <property name="sun.arch.data.model" value="64"/>
    <property name="java.home" value="/System/Library/Java/JavaVirtualMachines/1.6.0.jdk/Contents/Home"/>
    <property name="sun.java.command" value="/Users/lebespiere/projects/greeter/target/surefire/surefirebooter7223289505606159033.jar /Users/lebespiere/projects/greeter/target/surefire/surefire3241752592356063725tmp /Users/lebespiere/projects/greeter/target/surefire/surefire5313019889369757840tmp"/>
    <property name="java.specification.vendor" value="Sun Microsystems Inc."/>
    <property name="user.language" value="ru"/>
    <property name="awt.toolkit" value="apple.awt.CToolkit"/>
    <property name="java.vm.info" value="mixed mode"/>
    <property name="java.version" value="1.6.0_29"/>
    <property name="java.ext.dirs" value="/Library/Java/Extensions:/System/Library/Java/Extensions:/System/Library/Java/JavaVirtualMachines/1.6.0.jdk/Contents/Home/lib/ext"/>
    <property name="sun.boot.class.path" value="/System/Library/Java/JavaVirtualMachines/1.6.0.jdk/Contents/Classes/jsfd.jar:/System/Library/Java/JavaVirtualMachines/1.6.0.jdk/Contents/Classes/classes.jar:/System/Library/Frameworks/JavaVM.framework/Frameworks/JavaRuntimeSupport.framework/Resources/Java/JavaRuntimeSupport.jar:/System/Library/Java/JavaVirtualMachines/1.6.0.jdk/Contents/Classes/ui.jar:/System/Library/Java/JavaVirtualMachines/1.6.0.jdk/Contents/Classes/laf.jar:/System/Library/Java/JavaVirtualMachines/1.6.0.jdk/Contents/Classes/sunrsasign.jar:/System/Library/Java/JavaVirtualMachines/1.6.0.jdk/Contents/Classes/jsse.jar:/System/Library/Java/JavaVirtualMachines/1.6.0.jdk/Contents/Classes/jce.jar:/System/Library/Java/JavaVirtualMachines/1.6.0.jdk/Contents/Classes/charsets.jar"/>
    <property name="java.vendor" value="Apple Inc."/>
    <property name="localRepository" value="/Users/lebespiere/.m2/repository"/>
    <property name="file.separator" value="/"/>
    <property name="java.vendor.url.bug" value="http://bugreport.apple.com/"/>
    <property name="sun.cpu.endian" value="little"/>
    <property name="sun.io.unicode.encoding" value="UnicodeLittle"/>
    <property name="mrj.version" value="1070.1.6.0_29-402"/>
    <property name="socksNonProxyHosts" value="local|*.local|169.254/16|*.169.254/16"/>
    <property name="ftp.nonProxyHosts" value="local|*.local|169.254/16|*.169.254/16"/>
    <property name="sun.cpu.isalist" value=""/>
  </properties>
  <testcase time="0.079" classname="1359051937" name="test itself"/>
</testsuite>